<?xml version="1.0" encoding="UTF-8"?>
<robot generator="Robot 3.1.2 (Python 3.8.1 on win32)" generated="20200405 19:18:27.104" rpa="false">
<suite id="s1" name="SanityTest" source="C:\Users\Kirankrishna\PycharmProjects\TestProject\Tests\SanityTest.robot">
<test id="s1-t1" name="Testcase1">
<kw name="Log To Console" library="BuiltIn">
<doc>Logs the given message to the console.</doc>
<arguments>
<arg>This is testcase</arg>
</arguments>
<status status="PASS" starttime="20200405 19:18:27.128" endtime="20200405 19:18:27.128"></status>
</kw>
<status status="PASS" starttime="20200405 19:18:27.127" endtime="20200405 19:18:27.128" critical="yes"></status>
</test>
<test id="s1-t2" name="Testcase2">
<kw name="Log To Console" library="BuiltIn">
<doc>Logs the given message to the console.</doc>
<arguments>
<arg>This testcase.</arg>
</arguments>
<status status="PASS" starttime="20200405 19:18:27.130" endtime="20200405 19:18:27.130"></status>
</kw>
<status status="PASS" starttime="20200405 19:18:27.129" endtime="20200405 19:18:27.131" critical="yes"></status>
</test>
<status status="PASS" starttime="20200405 19:18:27.105" endtime="20200405 19:18:27.132"></status>
</suite>
<statistics>
<total>
<stat pass="2" fail="0">Critical Tests</stat>
<stat pass="2" fail="0">All Tests</stat>
</total>
<tag>
</tag>
<suite>
<stat pass="2" fail="0" id="s1" name="SanityTest">SanityTest</stat>
</suite>
</statistics>
<errors>
</errors>
</robot>
